<?xml version="1.0" encoding="UTF-8"?>
<!-- Generated by org.testng.reporters.JUnitXMLReporter -->
<testsuite ignored="0" hostname="LAPTOP-V3DV16BE" failures="0" tests="5" name="Test" time="52.51" errors="0" timestamp="2024-02-25T16:56:48 EST">
  <testcase classname="testCases.TC_003_LoginDataDrivenTest" name="test_loginDDT" time="11.375"/>
  <testcase classname="testCases.TC_003_LoginDataDrivenTest" name="test_loginDDT" time="11.218"/>
  <testcase classname="testCases.TC_003_LoginDataDrivenTest" name="test_loginDDT" time="11.217"/>
  <testcase classname="testCases.TC_003_LoginDataDrivenTest" name="test_loginDDT" time="11.103"/>
  <testcase classname="testCases.TC_003_LoginDataDrivenTest" name="test_loginDDT" time="1.828"/>
</testsuite> <!-- Test -->
