<?xml version="1.0" encoding="UTF-8"?>
<!-- Generated by org.testng.reporters.JUnitXMLReporter -->
<testsuite ignored="1" hostname="LAPTOP-V3DV16BE" failures="0" tests="1" name="Test" time="4.758" errors="0" timestamp="2024-02-01T17:46:28 EST">
  <testcase classname="testCases.TC_002_LoginTest" name="test_Login" time="1.379"/>
  <testcase classname="testCases.TC_001_AccountRegistrationTest" name="test_account_reg" time="0.0">
    <ignored/>
  </testcase> <!-- test_account_reg -->
</testsuite> <!-- Test -->
