<?xml version="1.0" encoding="UTF-8"?>
<!-- Generated by org.testng.reporters.JUnitXMLReporter -->
<testsuite ignored="0" hostname="LAPTOP-V3DV16BE" failures="0" tests="5" name="Test" time="44.688" errors="0" timestamp="2024-02-02T16:15:31 EST">
  <testcase classname="testCases.TC_003_LoginDataDrivenTest" name="test_loginDDT" time="10.46"/>
  <testcase classname="testCases.TC_003_LoginDataDrivenTest" name="test_loginDDT" time="10.442"/>
  <testcase classname="testCases.TC_003_LoginDataDrivenTest" name="test_loginDDT" time="10.416"/>
  <testcase classname="testCases.TC_003_LoginDataDrivenTest" name="test_loginDDT" time="10.366"/>
  <testcase classname="testCases.TC_003_LoginDataDrivenTest" name="test_loginDDT" time="0.5"/>
</testsuite> <!-- Test -->
