<?xml version="1.0" encoding="UTF-8"?>
<testng-results ignored="0" total="5" passed="5" failed="0" skipped="0">
  <reporter-output>
  </reporter-output>
  <suite started-at="2024-02-02T16:14:46 EST" name="Suite" finished-at="2024-02-02T16:15:31 EST" duration-ms="44688">
    <groups>
    </groups>
    <test started-at="2024-02-02T16:14:46 EST" name="Test" finished-at="2024-02-02T16:15:31 EST" duration-ms="44688">
      <class name="testCases.TC_003_LoginDataDrivenTest">
        <test-method is-config="true" signature="setup(java.lang.String)[pri:0, instance:testCases.TC_003_LoginDataDrivenTest@694abbdc]" started-at="2024-02-02T16:14:46 EST" name="setup" finished-at="2024-02-02T16:14:48 EST" duration-ms="1810" status="PASS">
          <params>
            <param index="0">
              <value>
                <![CDATA[chrome]]>
              </value>
            </param>
          </params>
          <reporter-output>
          </reporter-output>
        </test-method> <!-- setup -->
        <test-method signature="test_loginDDT(java.lang.String,java.lang.String,java.lang.String)[pri:0, instance:testCases.TC_003_LoginDataDrivenTest@694abbdc]" started-at="2024-02-02T16:14:48 EST" name="test_loginDDT" data-provider="LoginData" finished-at="2024-02-02T16:14:59 EST" duration-ms="10460" status="PASS">
          <params>
            <param index="0">
              <value>
                <![CDATA[pavanoltraining@gmail.com]]>
              </value>
            </param>
            <param index="1">
              <value>
                <![CDATA[test@123]]>
              </value>
            </param>
            <param index="2">
              <value>
                <![CDATA[Invalid]]>
              </value>
            </param>
          </params>
          <reporter-output>
          </reporter-output>
        </test-method> <!-- test_loginDDT -->
        <test-method signature="test_loginDDT(java.lang.String,java.lang.String,java.lang.String)[pri:0, instance:testCases.TC_003_LoginDataDrivenTest@694abbdc]" started-at="2024-02-02T16:14:59 EST" name="test_loginDDT" data-provider="LoginData" finished-at="2024-02-02T16:15:09 EST" duration-ms="10442" status="PASS">
          <params>
            <param index="0">
              <value>
                <![CDATA[lakshmi@yahoo.com]]>
              </value>
            </param>
            <param index="1">
              <value>
                <![CDATA[Laxmi]]>
              </value>
            </param>
            <param index="2">
              <value>
                <![CDATA[Invalid]]>
              </value>
            </param>
          </params>
          <reporter-output>
          </reporter-output>
        </test-method> <!-- test_loginDDT -->
        <test-method signature="test_loginDDT(java.lang.String,java.lang.String,java.lang.String)[pri:0, instance:testCases.TC_003_LoginDataDrivenTest@694abbdc]" started-at="2024-02-02T16:15:09 EST" name="test_loginDDT" data-provider="LoginData" finished-at="2024-02-02T16:15:20 EST" duration-ms="10416" status="PASS">
          <params>
            <param index="0">
              <value>
                <![CDATA[laksh@yahoo.com]]>
              </value>
            </param>
            <param index="1">
              <value>
                <![CDATA[Lakshmi]]>
              </value>
            </param>
            <param index="2">
              <value>
                <![CDATA[Invalid]]>
              </value>
            </param>
          </params>
          <reporter-output>
          </reporter-output>
        </test-method> <!-- test_loginDDT -->
        <test-method signature="test_loginDDT(java.lang.String,java.lang.String,java.lang.String)[pri:0, instance:testCases.TC_003_LoginDataDrivenTest@694abbdc]" started-at="2024-02-02T16:15:20 EST" name="test_loginDDT" data-provider="LoginData" finished-at="2024-02-02T16:15:30 EST" duration-ms="10366" status="PASS">
          <params>
            <param index="0">
              <value>
                <![CDATA[laks@yahoo.com]]>
              </value>
            </param>
            <param index="1">
              <value>
                <![CDATA[xyz]]>
              </value>
            </param>
            <param index="2">
              <value>
                <![CDATA[Invalid]]>
              </value>
            </param>
          </params>
          <reporter-output>
          </reporter-output>
        </test-method> <!-- test_loginDDT -->
        <test-method signature="test_loginDDT(java.lang.String,java.lang.String,java.lang.String)[pri:0, instance:testCases.TC_003_LoginDataDrivenTest@694abbdc]" started-at="2024-02-02T16:15:30 EST" name="test_loginDDT" data-provider="LoginData" finished-at="2024-02-02T16:15:30 EST" duration-ms="500" status="PASS">
          <params>
            <param index="0">
              <value>
                <![CDATA[shanthikb777@gmail.com]]>
              </value>
            </param>
            <param index="1">
              <value>
                <![CDATA[12345]]>
              </value>
            </param>
            <param index="2">
              <value>
                <![CDATA[Valid]]>
              </value>
            </param>
          </params>
          <reporter-output>
          </reporter-output>
        </test-method> <!-- test_loginDDT -->
        <test-method is-config="true" signature="teardown()[pri:0, instance:testCases.TC_003_LoginDataDrivenTest@694abbdc]" started-at="2024-02-02T16:15:30 EST" name="teardown" finished-at="2024-02-02T16:15:31 EST" duration-ms="97" status="PASS">
          <reporter-output>
          </reporter-output>
        </test-method> <!-- teardown -->
      </class> <!-- testCases.TC_003_LoginDataDrivenTest -->
    </test> <!-- Test -->
  </suite> <!-- Suite -->
</testng-results>
