<?xml version="1.0" encoding="UTF-8"?>
<testng-results ignored="1" total="2" passed="1" failed="0" skipped="0">
  <reporter-output>
  </reporter-output>
  <suite started-at="2024-02-01T17:46:23 EST" name="Suite" finished-at="2024-02-01T17:46:28 EST" duration-ms="4758">
    <groups>
      <group name="Master">
        <method signature="TC_002_LoginTest.test_Login()[pri:0, instance:testCases.TC_002_LoginTest@6aba2b86]" name="test_Login" class="testCases.TC_002_LoginTest"/>
      </group> <!-- Master -->
      <group name="Sanity">
        <method signature="TC_002_LoginTest.test_Login()[pri:0, instance:testCases.TC_002_LoginTest@6aba2b86]" name="test_Login" class="testCases.TC_002_LoginTest"/>
      </group> <!-- Sanity -->
    </groups>
    <test started-at="2024-02-01T17:46:23 EST" name="Test" finished-at="2024-02-01T17:46:28 EST" duration-ms="4758">
      <class name="testCases.TC_002_LoginTest">
        <test-method is-config="true" signature="setup(java.lang.String)[pri:0, instance:testCases.TC_002_LoginTest@6aba2b86]" started-at="2024-02-01T17:46:23 EST" name="setup" finished-at="2024-02-01T17:46:26 EST" duration-ms="3064" status="PASS">
          <params>
            <param index="0">
              <value>
                <![CDATA[chrome]]>
              </value>
            </param>
          </params>
          <reporter-output>
          </reporter-output>
        </test-method> <!-- setup -->
        <test-method signature="test_Login()[pri:0, instance:testCases.TC_002_LoginTest@6aba2b86]" started-at="2024-02-01T17:46:26 EST" name="test_Login" finished-at="2024-02-01T17:46:27 EST" duration-ms="1379" status="PASS">
          <reporter-output>
          </reporter-output>
        </test-method> <!-- test_Login -->
        <test-method is-config="true" signature="teardown()[pri:0, instance:testCases.TC_002_LoginTest@6aba2b86]" started-at="2024-02-01T17:46:27 EST" name="teardown" finished-at="2024-02-01T17:46:28 EST" duration-ms="55" status="PASS">
          <reporter-output>
          </reporter-output>
        </test-method> <!-- teardown -->
      </class> <!-- testCases.TC_002_LoginTest -->
    </test> <!-- Test -->
  </suite> <!-- Suite -->
</testng-results>
